<?xml version="1.0" encoding="UTF-8"?>
<testng-results skipped="0" failed="0" total="1" passed="1">
  <reporter-output>
  </reporter-output>
  <suite name="Default suite" duration-ms="5714" started-at="2016-04-28T13:34:45Z" finished-at="2016-04-28T13:34:50Z">
    <groups>
    </groups>
    <test name="Default test" duration-ms="5714" started-at="2016-04-28T13:34:45Z" finished-at="2016-04-28T13:34:50Z">
      <class name="com.fp.core.cheapoair.Sub_Date_Field">
        <test-method status="PASS" signature="Date_Functionyryfr()[pri:0, instance:com.fp.core.cheapoair.Sub_Date_Field@fbd877]" name="Date_Functionyryfr" duration-ms="5714" started-at="2016-04-28T19:04:45Z" finished-at="2016-04-28T19:04:50Z">
          <reporter-output>
          </reporter-output>
        </test-method> <!-- Date_Functionyryfr -->
      </class> <!-- com.fp.core.cheapoair.Sub_Date_Field -->
    </test> <!-- Default test -->
  </suite> <!-- Default suite -->
</testng-results>
